<?xml version="1.0" encoding="UTF-8"?>
<!-- Generated by org.testng.reporters.JUnitXMLReporter -->
<testsuite ignored="0" hostname="Probook" failures="0" tests="3" name="Default test" time="11.871" errors="0" timestamp="2026-04-07T17:36:29 PKT">
  <testcase classname="tests.LoginTest" name="LockeduserTest" time="1.691"/>
  <testcase classname="tests.LoginTest" name="ValidLoginTest" time="0.372"/>
  <testcase classname="tests.LoginTest" name="invalidLoginTest" time="0.307"/>
</testsuite> <!-- Default test -->
