<?xml version="1.0" encoding="UTF-8"?>
<testng-results ignored="0" total="3" passed="3" failed="0" skipped="0">
  <reporter-output>
  </reporter-output>
  <suite started-at="2026-04-07T17:36:17 PKT" name="Default suite" finished-at="2026-04-07T17:36:29 PKT" duration-ms="11871">
    <groups>
    </groups>
    <test started-at="2026-04-07T17:36:17 PKT" name="Default test" finished-at="2026-04-07T17:36:29 PKT" duration-ms="11871">
      <class name="tests.LoginTest">
        <test-method is-config="true" signature="setup()[pri:0, instance:tests.LoginTest@34123d65]" started-at="2026-04-07T17:36:17 PKT" name="setup" finished-at="2026-04-07T17:36:21 PKT" duration-ms="3689" status="PASS">
          <reporter-output>
          </reporter-output>
        </test-method> <!-- setup -->
        <test-method signature="LockeduserTest()[pri:0, instance:tests.LoginTest@34123d65]" started-at="2026-04-07T17:36:21 PKT" name="LockeduserTest" finished-at="2026-04-07T17:36:23 PKT" duration-ms="1691" status="PASS">
          <reporter-output>
          </reporter-output>
        </test-method> <!-- LockeduserTest -->
        <test-method is-config="true" signature="teardown()[pri:0, instance:tests.LoginTest@34123d65]" started-at="2026-04-07T17:36:23 PKT" name="teardown" finished-at="2026-04-07T17:36:23 PKT" duration-ms="269" status="PASS">
          <reporter-output>
          </reporter-output>
        </test-method> <!-- teardown -->
        <test-method is-config="true" signature="setup()[pri:0, instance:tests.LoginTest@34123d65]" started-at="2026-04-07T17:36:23 PKT" name="setup" finished-at="2026-04-07T17:36:26 PKT" duration-ms="2604" status="PASS">
          <reporter-output>
          </reporter-output>
        </test-method> <!-- setup -->
        <test-method signature="ValidLoginTest()[pri:0, instance:tests.LoginTest@34123d65]" started-at="2026-04-07T17:36:26 PKT" name="ValidLoginTest" finished-at="2026-04-07T17:36:26 PKT" duration-ms="372" status="PASS">
          <reporter-output>
          </reporter-output>
        </test-method> <!-- ValidLoginTest -->
        <test-method is-config="true" signature="teardown()[pri:0, instance:tests.LoginTest@34123d65]" started-at="2026-04-07T17:36:26 PKT" name="teardown" finished-at="2026-04-07T17:36:26 PKT" duration-ms="190" status="PASS">
          <reporter-output>
          </reporter-output>
        </test-method> <!-- teardown -->
        <test-method is-config="true" signature="setup()[pri:0, instance:tests.LoginTest@34123d65]" started-at="2026-04-07T17:36:26 PKT" name="setup" finished-at="2026-04-07T17:36:29 PKT" duration-ms="2513" status="PASS">
          <reporter-output>
          </reporter-output>
        </test-method> <!-- setup -->
        <test-method signature="invalidLoginTest()[pri:0, instance:tests.LoginTest@34123d65]" started-at="2026-04-07T17:36:29 PKT" name="invalidLoginTest" finished-at="2026-04-07T17:36:29 PKT" duration-ms="307" status="PASS">
          <reporter-output>
          </reporter-output>
        </test-method> <!-- invalidLoginTest -->
        <test-method is-config="true" signature="teardown()[pri:0, instance:tests.LoginTest@34123d65]" started-at="2026-04-07T17:36:29 PKT" name="teardown" finished-at="2026-04-07T17:36:29 PKT" duration-ms="175" status="PASS">
          <reporter-output>
          </reporter-output>
        </test-method> <!-- teardown -->
      </class> <!-- tests.LoginTest -->
    </test> <!-- Default test -->
  </suite> <!-- Default suite -->
</testng-results>
