<?xml version="1.0" encoding="UTF-8"?>
<!-- Generated by org.testng.reporters.JUnitReportReporter -->
<testsuite hostname="Probook" failures="0" tests="3" name="tests.LoginTest" time="11.810" errors="0" timestamp="2026-04-07T17:36:29 PKT" skipped="0">
  <testcase classname="tests.LoginTest" name="ValidLoginTest" time="4.251"/>
  <testcase classname="tests.LoginTest" name="invalidLoginTest" time="3.086"/>
  <testcase classname="tests.LoginTest" name="LockeduserTest" time="4.473"/>
</testsuite> <!-- tests.LoginTest -->
